# JRE version: Java(TM) SE Runtime Environment (7.0_79-b15) (build 1.7.0_79-b15)
# Java VM: Java HotSpot(TM) 64-Bit Server VM (24.79-b02 mixed mode windows-amd64 compressed oops)
Heap
 PSYoungGen      total 38400K, used 36906K [0x00000007d5e00000, 0x00000007da900000, 0x0000000800000000)
  eden space 33280K, 95% used [0x00000007d5e00000,0x00000007d7d108b8,0x00000007d7e80000)
  from space 5120K, 99% used [0x00000007d8380000,0x00000007d887a320,0x00000007d8880000)
  to   space 5120K, 0% used [0x00000007d7e80000,0x00000007d7e80000,0x00000007d8380000)
 ParOldGen       total 86016K, used 1557K [0x0000000781a00000, 0x0000000786e00000, 0x00000007d5e00000)
  object space 86016K, 1% used [0x0000000781a00000,0x0000000781b85508,0x0000000786e00000)
 PSPermGen       total 21504K, used 12330K [0x000000077c800000, 0x000000077dd00000, 0x0000000781a00000)
  object space 21504K, 57% used [0x000000077c800000,0x000000077d40a8a8,0x000000077dd00000)
GC Heap History (4 events):
Event: 0.493 GC heap before
{Heap before GC invocations=1 (full 0):
 PSYoungGen      total 38400K, used 33280K [0x00000007d5e00000, 0x00000007d8880000, 0x0000000800000000)
  eden space 33280K, 100% used [0x00000007d5e00000,0x00000007d7e80000,0x00000007d7e80000)
  from space 5120K, 0% used [0x00000007d8380000,0x00000007d8380000,0x00000007d8880000)
  to   space 5120K, 0% used [0x00000007d7e80000,0x00000007d7e80000,0x00000007d8380000)
 ParOldGen       total 86016K, used 0K [0x0000000781a00000, 0x0000000786e00000, 0x00000007d5e00000)
  object space 86016K, 0% used [0x0000000781a00000,0x0000000781a00000,0x0000000786e00000)
 PSPermGen       total 21504K, used 7649K [0x000000077c800000, 0x000000077dd00000, 0x0000000781a00000)
  object space 21504K, 35% used [0x000000077c800000,0x000000077cf78738,0x000000077dd00000)
Event: 0.498 GC heap after
Heap after GC invocations=1 (full 0):
 PSYoungGen      total 38400K, used 4443K [0x00000007d5e00000, 0x00000007d8880000, 0x0000000800000000)
  eden space 33280K, 0% used [0x00000007d5e00000,0x00000007d5e00000,0x00000007d7e80000)
  from space 5120K, 86% used [0x00000007d7e80000,0x00000007d82d6f98,0x00000007d8380000)
  to   space 5120K, 0% used [0x00000007d8380000,0x00000007d8380000,0x00000007d8880000)
 ParOldGen       total 86016K, used 8K [0x0000000781a00000, 0x0000000786e00000, 0x00000007d5e00000)
  object space 86016K, 0% used [0x0000000781a00000,0x0000000781a02000,0x0000000786e00000)
 PSPermGen       total 21504K, used 7649K [0x000000077c800000, 0x000000077dd00000, 0x0000000781a00000)
  object space 21504K, 35% used [0x000000077c800000,0x000000077cf78738,0x000000077dd00000)
}
Event: 0.937 GC heap before
{Heap before GC invocations=2 (full 0):
 PSYoungGen      total 38400K, used 37723K [0x00000007d5e00000, 0x00000007d8880000, 0x0000000800000000)
  eden space 33280K, 100% used [0x00000007d5e00000,0x00000007d7e80000,0x00000007d7e80000)
  from space 5120K, 86% used [0x00000007d7e80000,0x00000007d82d6f98,0x00000007d8380000)
  to   space 5120K, 0% used [0x00000007d8380000,0x00000007d8380000,0x00000007d8880000)
 ParOldGen       total 86016K, used 8K [0x0000000781a00000, 0x0000000786e00000, 0x00000007d5e00000)
  object space 86016K, 0% used [0x0000000781a00000,0x0000000781a02000,0x0000000786e00000)
 PSPermGen       total 21504K, used 12053K [0x000000077c800000, 0x000000077dd00000, 0x0000000781a00000)
  object space 21504K, 56% used [0x000000077c800000,0x000000077d3c5630,0x000000077dd00000)
Event: 0.945 GC heap after
Heap after GC invocations=2 (full 0):
 PSYoungGen      total 38400K, used 5096K [0x00000007d5e00000, 0x00000007da900000, 0x0000000800000000)
  eden space 33280K, 0% used [0x00000007d5e00000,0x00000007d5e00000,0x00000007d7e80000)
  from space 5120K, 99% used [0x00000007d8380000,0x00000007d887a320,0x00000007d8880000)
  to   space 5120K, 0% used [0x00000007d7e80000,0x00000007d7e80000,0x00000007d8380000)
 ParOldGen       total 86016K, used 1557K [0x0000000781a00000, 0x0000000786e00000, 0x00000007d5e00000)
  object space 86016K, 1% used [0x0000000781a00000,0x0000000781b85508,0x0000000786e00000)
 PSPermGen       total 21504K, used 12053K [0x000000077c800000, 0x000000077dd00000, 0x0000000781a00000)
  object space 21504K, 56% used [0x000000077c800000,0x000000077d3c5630,0x000000077dd00000)
}

